2016-07-04 15:32:18,026 - FrameworkServlet 'login': initialization started
 2016-07-04 15:32:18,085 - Refreshing WebApplicationContext for namespace 'login-servlet': startup date [Mon Jul 04 15:32:18 CST 2016]; root of context hierarchy
 2016-07-04 15:32:18,271 - Loading XML bean definitions from ServletContext resource [/WEB-INF/springMVC_jdbc.xml]
 2016-07-04 15:32:18,880 - Loading XML bean definitions from ServletContext resource [/WEB-INF/springMVC.xml]
 2016-07-04 15:32:20,911 - Loaded JDBC driver: com.mysql.jdbc.Driver
 2016-07-04 15:32:21,760 - Mapped "{[/dashboard/refresh1.do],methods=[GET],params=[],headers=[],consumes=[],produces=[text/html;charset=UTF-8],custom=[]}" onto public java.lang.String com.oept.uic.action.DashboardAct.refresh1(javax.servlet.http.HttpServletRequest,javax.servlet.http.HttpSession) throws java.lang.Exception
 2016-07-04 15:32:21,764 - Mapped "{[/dashboard/update1.do],methods=[POST],params=[],headers=[],consumes=[],produces=[],custom=[]}" onto public java.lang.String com.oept.uic.action.DashboardAct.update1(javax.servlet.http.HttpServletRequest,javax.servlet.http.HttpSession) throws java.lang.Exception
 2016-07-04 15:32:21,764 - Mapped "{[/dashboard/refresh2.do],methods=[GET],params=[],headers=[],consumes=[],produces=[text/html;charset=UTF-8],custom=[]}" onto public java.lang.String com.oept.uic.action.DashboardAct.refresh2(javax.servlet.http.HttpServletRequest,javax.servlet.http.HttpSession) throws java.lang.Exception
 2016-07-04 15:32:21,765 - Mapped "{[/dashboard/details.do],methods=[GET],params=[],headers=[],consumes=[],produces=[],custom=[]}" onto public java.lang.String com.oept.uic.action.DashboardAct.navToDashboard(org.springframework.ui.Model,javax.servlet.http.HttpServletRequest,javax.servlet.http.HttpSession)
 2016-07-04 15:32:21,765 - Mapped "{[/dashboard/refresh3.do],methods=[GET],params=[],headers=[],consumes=[],produces=[text/html;charset=UTF-8],custom=[]}" onto public java.lang.String com.oept.uic.action.DashboardAct.refresh3(javax.servlet.http.HttpServletRequest,javax.servlet.http.HttpSession) throws java.lang.Exception
 2016-07-04 15:32:21,766 - Mapped "{[/dashboard/refreshData2.do],methods=[POST],params=[],headers=[],consumes=[],produces=[],custom=[]}" onto public java.lang.String com.oept.uic.action.DashboardAct.refreshData2(java.util.List<com.oept.uic.model.Dashboard>) throws java.lang.Exception
 2016-07-04 15:32:21,766 - Mapped "{[/dashboard/publish2.do],methods=[POST],params=[],headers=[],consumes=[],produces=[text/html;charset=UTF-8],custom=[]}" onto public java.lang.String com.oept.uic.action.DashboardAct.publish2(javax.servlet.http.HttpServletRequest,javax.servlet.http.HttpSession) throws java.lang.Exception
 2016-07-04 15:32:21,767 - Mapped "{[/dashboard/dashboard.do],methods=[],params=[],headers=[],consumes=[],produces=[],custom=[]}" onto public java.lang.String com.oept.uic.action.DashboardAct.navToDashboad(org.springframework.ui.Model,javax.servlet.http.HttpServletRequest,javax.servlet.http.HttpSession)
 2016-07-04 15:32:21,777 - Mapped "{[/auth/logout.do],methods=[],params=[],headers=[],consumes=[],produces=[],custom=[]}" onto public java.lang.String com.oept.uic.action.LoginAct.userLogout(org.springframework.ui.Model,javax.servlet.http.HttpServletRequest,javax.servlet.http.HttpSession)
 2016-07-04 15:32:21,778 - Mapped "{[/auth/dashboard.do],methods=[],params=[],headers=[],consumes=[],produces=[],custom=[]}" onto public java.lang.String com.oept.uic.action.LoginAct.navToDashboad(org.springframework.ui.Model,javax.servlet.http.HttpServletRequest,javax.servlet.http.HttpSession,javax.servlet.http.HttpServletResponse)
 2016-07-04 15:32:21,778 - Mapped "{[/auth/login.do],methods=[GET],params=[username],headers=[],consumes=[],produces=[],custom=[]}" onto public java.lang.String com.oept.uic.action.LoginAct.userAuthenticate(org.springframework.ui.Model,javax.servlet.http.HttpServletRequest,javax.servlet.http.HttpSession)
 2016-07-04 15:32:21,779 - Mapped "{[/auth/login.do],methods=[],params=[json],headers=[],consumes=[],produces=[],custom=[]}" onto public java.lang.String com.oept.uic.action.LoginAct.userAuthenticate(javax.servlet.http.HttpServletRequest,javax.servlet.http.HttpSession) throws java.lang.Exception
 2016-07-04 15:32:21,783 - Mapped "{[/personal/changePassword.do],methods=[],params=[],headers=[],consumes=[],produces=[],custom=[]}" onto public java.lang.String com.oept.uic.action.PersonalSettingsAct.changePassword(org.springframework.ui.Model,javax.servlet.http.HttpServletRequest,javax.servlet.http.HttpSession) throws java.lang.Exception
 2016-07-04 15:32:21,784 - Mapped "{[/personal/updateSettings.do],methods=[],params=[],headers=[],consumes=[],produces=[],custom=[]}" onto public java.lang.String com.oept.uic.action.PersonalSettingsAct.updateSettings(org.springframework.ui.Model,javax.servlet.http.HttpServletRequest,javax.servlet.http.HttpSession) throws java.lang.Exception
 2016-07-04 15:32:21,797 - Mapped "{[/personal/settings.do],methods=[],params=[],headers=[],consumes=[],produces=[],custom=[]}" onto public java.lang.String com.oept.uic.action.PersonalSettingsAct.settingsView(org.springframework.ui.Model,javax.servlet.http.HttpServletRequest,javax.servlet.http.HttpSession) throws java.lang.Exception
 2016-07-04 15:32:21,797 - Mapped "{[/personal/password.do],methods=[],params=[],headers=[],consumes=[],produces=[],custom=[]}" onto public java.lang.String com.oept.uic.action.PersonalSettingsAct.changePasswordView(org.springframework.ui.Model,javax.servlet.http.HttpServletRequest,javax.servlet.http.HttpSession)
 2016-07-04 15:32:21,807 - Mapped "{[/user/create.do],methods=[POST],params=[],headers=[],consumes=[],produces=[],custom=[]}" onto public java.lang.String com.oept.uic.action.UserAct.createUser(javax.servlet.http.HttpServletRequest,javax.servlet.http.HttpSession) throws java.lang.Exception
 2016-07-04 15:32:21,808 - Mapped "{[/user/list.do],methods=[],params=[],headers=[],consumes=[],produces=[],custom=[]}" onto public java.lang.String com.oept.uic.action.UserAct.navToUserList(org.springframework.ui.Model,javax.servlet.http.HttpServletRequest,javax.servlet.http.HttpSession) throws java.lang.Exception
 2016-07-04 15:32:21,809 - Mapped "{[/user/details.do],methods=[],params=[],headers=[],consumes=[],produces=[],custom=[]}" onto public java.lang.String com.oept.uic.action.UserAct.navToUserDetail(org.springframework.ui.Model,javax.servlet.http.HttpServletRequest,javax.servlet.http.HttpSession) throws java.lang.Exception
 2016-07-04 15:32:21,810 - Mapped "{[/user/delete.do],methods=[GET],params=[],headers=[],consumes=[],produces=[],custom=[]}" onto public java.lang.String com.oept.uic.action.UserAct.deleteUserById(javax.servlet.http.HttpServletRequest,javax.servlet.http.HttpSession) throws java.lang.Exception
 2016-07-04 15:32:21,811 - Mapped "{[/user/update.do],methods=[POST],params=[],headers=[],consumes=[],produces=[],custom=[]}" onto public java.lang.String com.oept.uic.action.UserAct.updateUser(javax.servlet.http.HttpServletRequest,javax.servlet.http.HttpSession) throws java.lang.Exception
 2016-07-04 15:32:22,732 - Looking for @ControllerAdvice: WebApplicationContext for namespace 'login-servlet': startup date [Mon Jul 04 15:32:18 CST 2016]; root of context hierarchy
 2016-07-04 15:32:22,813 - Looking for @ControllerAdvice: WebApplicationContext for namespace 'login-servlet': startup date [Mon Jul 04 15:32:18 CST 2016]; root of context hierarchy
 2016-07-04 15:32:22,969 - FrameworkServlet 'login': initialization completed in 4933 ms
 2016-07-04 15:33:07,062 - Closing WebApplicationContext for namespace 'login-servlet': startup date [Mon Jul 04 15:32:18 CST 2016]; root of context hierarchy
 